1623075475154	geckodriver	INFO	Listening on 127.0.0.1:10521
1623075477989	mozrunner::runner	INFO	Running command: "C:\\Program Files\\Mozilla Firefox\\firefox.exe" "--marionette" "-foreground" "-no-remote" "-profile" "C:\\Users\\mayn\\AppData\\Local\\Temp\\rust_mozprofileJx5mFq"
1623075478626	Marionette	INFO	Marionette enabled
console.warn: SearchSettings: "get: No settings file exists, new profile?" (new Error("", "(unknown module)"))
1623075480424	Marionette	INFO	Listening on port 7631
1623075480610	Marionette	WARN	TLS certificate errors will be ignored for this session
1623075498250	Marionette	INFO	Stopped listening on port 7631
1623075666608	geckodriver	INFO	Listening on 127.0.0.1:11225
1623075669644	mozrunner::runner	INFO	Running command: "C:\\Program Files\\Mozilla Firefox\\firefox.exe" "--marionette" "-foreground" "-no-remote" "-profile" "C:\\Users\\mayn\\AppData\\Local\\Temp\\rust_mozprofileUSfdNG"
1623075669913	Marionette	INFO	Marionette enabled
console.warn: SearchSettings: "get: No settings file exists, new profile?" (new Error("", "(unknown module)"))
1623075671554	Marionette	INFO	Listening on port 2243
1623075671662	Marionette	WARN	TLS certificate errors will be ignored for this session
1623075688837	Marionette	INFO	Stopped listening on port 2243

###!!! [Child][RunMessage] Error: Channel closing: too late to send/recv, messages will be lost

1623075709946	geckodriver	INFO	Listening on 127.0.0.1:5518
1623075712974	mozrunner::runner	INFO	Running command: "C:\\Program Files\\Mozilla Firefox\\firefox.exe" "--marionette" "-foreground" "-no-remote" "-profile" "C:\\Users\\mayn\\AppData\\Local\\Temp\\rust_mozprofilew2Vd8V"
1623075713242	Marionette	INFO	Marionette enabled
console.warn: SearchSettings: "get: No settings file exists, new profile?" (new Error("", "(unknown module)"))
1623075714881	Marionette	INFO	Listening on port 1564
1623075714992	Marionette	WARN	TLS certificate errors will be ignored for this session
1623075733889	Marionette	INFO	Stopped listening on port 1564

###!!! [Child][RunMessage] Error: Channel closing: too late to send/recv, messages will be lost

1623076071585	geckodriver	INFO	Listening on 127.0.0.1:5589
1623076074622	mozrunner::runner	INFO	Running command: "C:\\Program Files\\Mozilla Firefox\\firefox.exe" "--marionette" "-foreground" "-no-remote" "-profile" "C:\\Users\\mayn\\AppData\\Local\\Temp\\rust_mozprofile3bH1G8"
1623076074903	Marionette	INFO	Marionette enabled
console.warn: SearchSettings: "get: No settings file exists, new profile?" (new Error("", "(unknown module)"))
1623076076453	Marionette	INFO	Listening on port 3251
1623076076642	Marionette	WARN	TLS certificate errors will be ignored for this session

###!!! [Child][RunMessage] Error: Channel closing: too late to send/recv, messages will be lost

1623076112737	Marionette	INFO	Stopped listening on port 3251

###!!! [Child][RunMessage] Error: Channel closing: too late to send/recv, messages will be lost

profileNZUeIC"
1623076111348	Marionette	INFO	Marionette enabled
console.warn: SearchSettings: "get: No settings file exists, new profile?" (new Error("", "(unknown module)"))
1623076113159	Marionette	INFO	Listening on port 4954
1623076113390	Marionette	WARN	TLS certificate errors will be ignored for this session
1623076204760	geckodriver	INFO	Listening on 127.0.0.1:7629
1623076207798	mozrunner::runner	INFO	Running command: "C:\\Program Files\\Mozilla Firefox\\firefox.exe" "--marionette" "-foreground" "-no-remote" "-profile" "C:\\Users\\mayn\\AppData\\Local\\Temp\\rust_mozprofile72MO1r"
1623076208068	Marionette	INFO	Marionette enabled
console.warn: SearchSettings: "get: No settings file exists, new profile?" (new Error("", "(unknown module)"))
1623076209556	Marionette	INFO	Listening on port 8863
1623076209821	Marionette	WARN	TLS certificate errors will be ignored for this session
1623076258922	Marionette	INFO	Stopped listening on port 8863

###!!! [Child][RunMessage] Error: Channel closing: too late to send/recv, messages will be lost

 "--marionette" "-foreground" "-no-remote" "-profile" "C:\\Users\\mayn\\AppData\\Local\\Temp\\rust_mozprofileEyHOs2"
1623076237473	Marionette	INFO	Marionette enabled
console.warn: SearchSettings: "get: No settings file exists, new profile?" (new Error("", "(unknown module)"))
1623076239116	Marionette	INFO	Listening on port 2192
1623076239221	Marionette	WARN	TLS certificate errors will be ignored for this session
1623076260912	Marionette	INFO	Stopped listening on port 2192
1623076376453	geckodriver	INFO	Listening on 127.0.0.1:2585
1623076379490	mozrunner::runner	INFO	Running command: "C:\\Program Files\\Mozilla Firefox\\firefox.exe" "--marionette" "-foreground" "-no-remote" "-profile" "C:\\Users\\mayn\\AppData\\Local\\Temp\\rust_mozprofileSm0qWl"
1623076379762	Marionette	INFO	Marionette enabled
console.warn: SearchSettings: "get: No settings file exists, new profile?" (new Error("", "(unknown module)"))
1623076381412	Marionette	INFO	Listening on port 3013
1623076381508	Marionette	WARN	TLS certificate errors will be ignored for this session
1623076396735	Marionette	INFO	Stopped listening on port 3013

###!!! [Child][RunMessage] Error: Channel closing: too late to send/recv, messages will be lost

1623076408078	geckodriver	INFO	Listening on 127.0.0.1:1056
1623076411115	mozrunner::runner	INFO	Running command: "C:\\Program Files\\Mozilla Firefox\\firefox.exe" "--marionette" "-foreground" "-no-remote" "-profile" "C:\\Users\\mayn\\AppData\\Local\\Temp\\rust_mozprofilennVRVh"
1623076411383	Marionette	INFO	Marionette enabled
console.warn: SearchSettings: "get: No settings file exists, new profile?" (new Error("", "(unknown module)"))
1623076412900	Marionette	INFO	Listening on port 11175
1623076413134	Marionette	WARN	TLS certificate errors will be ignored for this session
1623076428557	Marionette	INFO	Stopped listening on port 11175

###!!! [Child][RunMessage] Error: Channel closing: too late to send/recv, messages will be lost

1623076431404	geckodriver	INFO	Listening on 127.0.0.1:6619
1623076434440	mozrunner::runner	INFO	Running command: "C:\\Program Files\\Mozilla Firefox\\firefox.exe" "--marionette" "-foreground" "-no-remote" "-profile" "C:\\Users\\mayn\\AppData\\Local\\Temp\\rust_mozprofileCsiRXo"
1623076434712	Marionette	INFO	Marionette enabled
console.warn: SearchSettings: "get: No settings file exists, new profile?" (new Error("", "(unknown module)"))
1623076436377	Marionette	INFO	Listening on port 11755
1623076436461	Marionette	WARN	TLS certificate errors will be ignored for this session
1623076461333	Marionette	INFO	Stopped listening on port 11755

###!!! [Child][RunMessage] Error: Channel closing: too late to send/recv, messages will be lost

1623076462556	geckodriver	INFO	Listening on 127.0.0.1:6785
1623076465593	mozrunner::runner	INFO	Running command: "C:\\Program Files\\Mozilla Firefox\\firefox.exe" "--marionette" "-foreground" "-no-remote" "-profile" "C:\\Users\\mayn\\AppData\\Local\\Temp\\rust_mozprofileELPVd8"
1623076465861	Marionette	INFO	Marionette enabled
console.warn: SearchSettings: "get: No settings file exists, new profile?" (new Error("", "(unknown module)"))
1623076467516	Marionette	INFO	Listening on port 5063
1623076467611	Marionette	WARN	TLS certificate errors will be ignored for this session

###!!! [Child][MessageChannel] Error: (msgtype=0x3A0155,name=PContent::Msg_InsertNewFocusActionId) Closed channel: cannot send/recv


###!!! [Child][MessageChannel] Error: (msgtype=0x3A012B,name=PContent::Msg_NotifyMediaSessionUpdated) Closed channel: cannot send/recv


###!!! [Child][MessageChannel] Error: (msgtype=0x57001B,name=PHal::Msg_DisableSensorNotifications) Closed channel: cannot send/recv


###!!! [Child][MessageChannel] Error: (msgtype=0x57001B,name=PHal::Msg_DisableSensorNotifications) Closed channel: cannot send/recv


###!!! [Child][MessageChannel] Error: (msgtype=0x57001B,name=PHal::Msg_DisableSensorNotifications) Closed channel: cannot send/recv


###!!! [Child][MessageChannel] Error: (msgtype=0x57001B,name=PHal::Msg_DisableSensorNotifications) Closed channel: cannot send/recv


###!!! [Child][MessageChannel] Error: (msgtype=0x3A00CE,name=PContent::Msg_SetGeolocationHigherAccuracy) Closed channel: cannot send/recv

channel: cannot send/recv


###!!! [Child][MessageChannel] Error: (msgtype=0x57001B,name=PHal::Msg_DisableSensorNotifications) Closed channel: cannot send/recv


###!!! [Child][MessageChannel] Error: (msgtype=0x57001B,name=PHal::Msg_DisableSensorNotifications) Closed channel: cannot send/recv


###!!! [Child][MessageChannel] Error: (msgtype=0x57001B,name=PHal::Msg_DisableSensorNotifications) Closed channel: cannot send/recv


###!!! [Child][MessageChannel] Error: (msgtype=0x3A00CE,name=PContent::Msg_SetGeolocationHigherAccuracy) Closed channel: cannot send/recv

1624676472442	geckodriver	INFO	Listening on 127.0.0.1:10110
1624676475461	mozrunner::runner	INFO	Running command: "C:\\Program Files\\Mozilla Firefox\\firefox.exe" "--marionette" "-foreground" "-no-remote" "-profile" "C:\\Users\\mayn\\AppData\\Local\\Temp\\rust_mozprofilem3Z2Gw"
1624676475819	Marionette	INFO	Marionette enabled
console.warn: SearchSettings: "get: No settings file exists, new profile?" (new NotFoundError("Could not open the file at C:\\Users\\mayn\\AppData\\Local\\Temp\\rust_mozprofilem3Z2Gw\\search.json.mozlz4", (void 0)))
1624676477473	Marionette	INFO	Listening on port 1740
1624676477585	Marionette	WARN	TLS certificate errors will be ignored for this session
1624676499040	Marionette	INFO	Stopped listening on port 1740

###!!! [Child][RunMessage] Error: Channel closing: too late to send/recv, messages will be lost

1624676507727	geckodriver	INFO	Listening on 127.0.0.1:11858
1624676510742	mozrunner::runner	INFO	Running command: "C:\\Program Files\\Mozilla Firefox\\firefox.exe" "--marionette" "-foreground" "-no-remote" "-profile" "C:\\Users\\mayn\\AppData\\Local\\Temp\\rust_mozprofileBGk4Kb"
1624676511006	Marionette	INFO	Marionette enabled
console.warn: SearchSettings: "get: No settings file exists, new profile?" (new NotFoundError("Could not open the file at C:\\Users\\mayn\\AppData\\Local\\Temp\\rust_mozprofileBGk4Kb\\search.json.mozlz4", (void 0)))
1624676512558	Marionette	INFO	Listening on port 14209
1624676512761	Marionette	WARN	TLS certificate errors will be ignored for this session
1624676538243	Marionette	INFO	Stopped listening on port 14209

###!!! [Child][RunMessage] Error: Channel closing: too late to send/recv, messages will be lost

1624676547955	geckodriver	INFO	Listening on 127.0.0.1:2477
1624676550992	mozrunner::runner	INFO	Running command: "C:\\Program Files\\Mozilla Firefox\\firefox.exe" "--marionette" "-foreground" "-no-remote" "-profile" "C:\\Users\\mayn\\AppData\\Local\\Temp\\rust_mozprofile706627"
1624676551251	Marionette	INFO	Marionette enabled
console.warn: SearchSettings: "get: No settings file exists, new profile?" (new NotFoundError("Could not open the file at C:\\Users\\mayn\\AppData\\Local\\Temp\\rust_mozprofile706627\\search.json.mozlz4", (void 0)))
1624676552784	Marionette	INFO	Listening on port 2485
1624676553011	Marionette	WARN	TLS certificate errors will be ignored for this session
console.log: WebExtensions: reset-default-search: starting.
console.log: WebExtensions: reset-default-search: No addons in our list are installed.

###!!! [Child][MessageChannel] Error: (msgtype=0x390155,name=PContent::Msg_InsertNewFocusActionId) Closed channel: cannot send/recv

